<?xml version="1.0" encoding="UTF-8"?>
<!-- Generated by org.testng.reporters.JUnitXMLReporter -->
<testsuite ignored="0" hostname="Savelijs-MBP.attlocal.net" failures="0" tests="6" name="Default test" time="4.327" errors="0" timestamp="2024-03-12T19:08:20 EDT">
  <testcase classname="api_tests.item_managment_api" name="login_test" time="0.852"/>
  <testcase classname="api_tests.item_managment_api" name="create_item" time="0.571"/>
  <testcase classname="api_tests.item_managment_api" name="list_all_items" time="1.759"/>
  <testcase classname="api_tests.item_managment_api" name="get_item" time="0.469"/>
  <testcase classname="api_tests.item_managment_api" name="update_item" time="0.463"/>
  <testcase classname="api_tests.item_managment_api" name="delete_item" time="0.191"/>
</testsuite> <!-- Default test -->
