<?xml version="1.0" encoding="UTF-8"?>
<!-- Generated by org.testng.reporters.JUnitXMLReporter -->
<testsuite ignored="0" hostname="Savelijs-MBP.attlocal.net" failures="0" tests="6" name="Default test" time="4.327" errors="0" timestamp="2024-03-21T23:37:16 EDT">
  <testcase classname="api_tests.item_managment_api" name="login_test" time="0.886"/>
  <testcase classname="api_tests.item_managment_api" name="create_item" time="0.556"/>
  <testcase classname="api_tests.item_managment_api" name="list_all_items" time="1.7"/>
  <testcase classname="api_tests.item_managment_api" name="get_item" time="0.486"/>
  <testcase classname="api_tests.item_managment_api" name="update_item" time="0.493"/>
  <testcase classname="api_tests.item_managment_api" name="delete_item" time="0.185"/>
</testsuite> <!-- Default test -->
