<?xml version="1.0" encoding="UTF-8"?>
<!-- Generated by org.testng.reporters.JUnitXMLReporter -->
<testsuite ignored="0" hostname="Savelijs-MBP.attlocal.net" failures="0" tests="8" name="Crater Regression Test" time="4.371" errors="0" timestamp="2024-03-12T21:31:41 EDT">
  <testcase classname="api_tests.item_managment_api" name="login_test" time="0.871"/>
  <testcase classname="api_tests.item_managment_api" name="create_item" time="0.538"/>
  <testcase classname="api_tests.item_managment_api" name="list_all_items" time="1.85"/>
  <testcase classname="api_tests.item_managment_api" name="get_item" time="0.446"/>
  <testcase classname="api_tests.item_managment_api" name="update_item" time="0.451"/>
  <testcase classname="api_tests.item_managment_api" name="delete_item" time="0.192"/>
  <testcase classname="api_tests.TestNGDemo" name="anotherTest" time="0.0"/>
  <testcase classname="api_tests.TestNGDemo" name="demoTest" time="0.0"/>
</testsuite> <!-- Crater Regression Test -->
