<?xml version="1.0" encoding="UTF-8"?>
<!-- Generated by org.testng.reporters.JUnitXMLReporter -->
<testsuite ignored="6" hostname="Savelijs-MBP.attlocal.net" failures="0" tests="2" name="Crater Items API Tests" time="2.803" errors="0" timestamp="2024-03-12T20:16:08 EDT">
  <testcase classname="api_tests.item_managment_api" name="login_test" time="0.932"/>
  <testcase classname="api_tests.item_managment_api" name="list_all_items" time="1.855"/>
  <testcase classname="api_tests.item_managment_api" name="get_item" time="0.0">
    <ignored/>
  </testcase> <!-- get_item -->
  <testcase classname="api_tests.item_managment_api" name="create_item" time="0.0">
    <ignored/>
  </testcase> <!-- create_item -->
  <testcase classname="api_tests.item_managment_api" name="update_item" time="0.0">
    <ignored/>
  </testcase> <!-- update_item -->
  <testcase classname="api_tests.TestNGDemo" name="anotherTest" time="0.0">
    <ignored/>
  </testcase> <!-- anotherTest -->
  <testcase classname="api_tests.TestNGDemo" name="demoTest" time="0.0">
    <ignored/>
  </testcase> <!-- demoTest -->
  <testcase classname="api_tests.item_managment_api" name="delete_item" time="0.0">
    <ignored/>
  </testcase> <!-- delete_item -->
</testsuite> <!-- Crater Items API Tests -->
