<?xml version="1.0" encoding="UTF-8"?>
<testng-results ignored="0" total="2" passed="2" failed="0" skipped="0">
  <reporter-output>
  </reporter-output>
  <suite started-at="2024-03-12T20:16:05 EDT" name="Crater_Items_Mngt" finished-at="2024-03-12T20:16:08 EDT" duration-ms="2803">
    <groups>
      <group name="smoke-test">
        <method signature="item_managment_api.list_all_items()[pri:0, instance:api_tests.item_managment_api@16ec5519]" name="list_all_items" class="api_tests.item_managment_api"/>
      </group> <!-- smoke-test -->
    </groups>
    <test started-at="2024-03-12T20:16:05 EDT" name="Crater Items API Tests" finished-at="2024-03-12T20:16:08 EDT" duration-ms="2803">
      <class name="api_tests.item_managment_api">
        <test-method signature="login_test()[pri:0, instance:api_tests.item_managment_api@16ec5519]" started-at="2024-03-12T20:16:05 EDT" name="login_test" finished-at="2024-03-12T20:16:06 EDT" duration-ms="932" status="PASS">
          <reporter-output>
          </reporter-output>
        </test-method> <!-- login_test -->
        <test-method signature="list_all_items()[pri:0, instance:api_tests.item_managment_api@16ec5519]" started-at="2024-03-12T20:16:06 EDT" name="list_all_items" finished-at="2024-03-12T20:16:08 EDT" depends-on-methods="api_tests.item_managment_api.login_test" duration-ms="1855" status="PASS">
          <reporter-output>
          </reporter-output>
        </test-method> <!-- list_all_items -->
      </class> <!-- api_tests.item_managment_api -->
    </test> <!-- Crater Items API Tests -->
  </suite> <!-- Crater_Items_Mngt -->
</testng-results>
